2024-11-10T13:54:07.924+05:30  INFO 3004 --- [user-service] [main] c.a.user_service.UserServiceApplication  : Starting UserServiceApplication using Java 21.0.1 with PID 3004 (C:\Users\dilsh\OneDrive\Desktop\user-service\target\classes started by dilsh in C:\Users\dilsh\OneDrive\Desktop\user-service)
2024-11-10T13:54:07.927+05:30  INFO 3004 --- [user-service] [main] c.a.user_service.UserServiceApplication  : No active profile set, falling back to 1 default profile: "default"
2024-11-10T13:54:08.801+05:30  INFO 3004 --- [user-service] [main] .s.d.r.c.RepositoryConfigurationDelegate : Bootstrapping Spring Data MongoDB repositories in DEFAULT mode.
2024-11-10T13:54:08.913+05:30  INFO 3004 --- [user-service] [main] .s.d.r.c.RepositoryConfigurationDelegate : Finished Spring Data repository scanning in 106 ms. Found 3 MongoDB repository interfaces.
2024-11-10T13:54:09.110+05:30  INFO 3004 --- [user-service] [main] o.s.cloud.context.scope.GenericScope     : BeanFactory id=c5680759-ec5b-34f4-b841-a43a80f407e1
2024-11-10T13:54:09.185+05:30  WARN 3004 --- [user-service] [main] trationDelegate$BeanPostProcessorChecker : Bean 'org.springframework.cloud.client.loadbalancer.LoadBalancerAutoConfiguration$DeferringLoadBalancerInterceptorConfig' of type [org.springframework.cloud.client.loadbalancer.LoadBalancerAutoConfiguration$DeferringLoadBalancerInterceptorConfig] is not eligible for getting processed by all BeanPostProcessors (for example: not eligible for auto-proxying). The currently created BeanPostProcessor [lbRestClientPostProcessor] is declared through a non-static factory method on that class; consider declaring it as static instead.
2024-11-10T13:54:09.187+05:30  WARN 3004 --- [user-service] [main] trationDelegate$BeanPostProcessorChecker : Bean 'deferringLoadBalancerInterceptor' of type [org.springframework.cloud.client.loadbalancer.DeferringLoadBalancerInterceptor] is not eligible for getting processed by all BeanPostProcessors (for example: not eligible for auto-proxying). Is this bean getting eagerly injected/applied to a currently created BeanPostProcessor [lbRestClientPostProcessor]? Check the corresponding BeanPostProcessor declaration and its dependencies/advisors. If this bean does not have to be post-processed, declare it with ROLE_INFRASTRUCTURE.
2024-11-10T13:54:09.400+05:30  INFO 3004 --- [user-service] [main] o.s.b.w.embedded.tomcat.TomcatWebServer  : Tomcat initialized with port 8081 (http)
2024-11-10T13:54:09.413+05:30  INFO 3004 --- [user-service] [main] o.apache.catalina.core.StandardService   : Starting service [Tomcat]
2024-11-10T13:54:09.414+05:30  INFO 3004 --- [user-service] [main] o.apache.catalina.core.StandardEngine    : Starting Servlet engine: [Apache Tomcat/10.1.31]
2024-11-10T13:54:09.475+05:30  INFO 3004 --- [user-service] [main] o.a.c.c.C.[Tomcat].[localhost].[/]       : Initializing Spring embedded WebApplicationContext
2024-11-10T13:54:09.475+05:30  INFO 3004 --- [user-service] [main] w.s.c.ServletWebServerApplicationContext : Root WebApplicationContext: initialization completed in 1495 ms
2024-11-10T13:54:09.780+05:30  INFO 3004 --- [user-service] [main] org.mongodb.driver.client                : MongoClient with metadata {"driver": {"name": "mongo-java-driver|sync|spring-boot", "version": "5.0.1"}, "os": {"type": "Windows", "name": "Windows 11", "architecture": "amd64", "version": "10.0"}, "platform": "Java/Oracle Corporation/21.0.1+12-29"} created with settings MongoClientSettings{readPreference=primary, writeConcern=WriteConcern{w=null, wTimeout=null ms, journal=null}, retryWrites=true, retryReads=true, readConcern=ReadConcern{level=null}, credential=null, transportSettings=null, commandListeners=[io.micrometer.core.instrument.binder.mongodb.MongoMetricsCommandListener@71b0289b], codecRegistry=ProvidersCodecRegistry{codecProviders=[ValueCodecProvider{}, BsonValueCodecProvider{}, DBRefCodecProvider{}, DBObjectCodecProvider{}, DocumentCodecProvider{}, CollectionCodecProvider{}, IterableCodecProvider{}, MapCodecProvider{}, GeoJsonCodecProvider{}, GridFSFileCodecProvider{}, Jsr310CodecProvider{}, JsonObjectCodecProvider{}, BsonCodecProvider{}, EnumCodecProvider{}, com.mongodb.client.model.mql.ExpressionCodecProvider@42cc420b, com.mongodb.Jep395RecordCodecProvider@563172d3, com.mongodb.KotlinCodecProvider@5086623f]}, loggerSettings=LoggerSettings{maxDocumentLength=1000}, clusterSettings={hosts=[localhost:27017], srvServiceName=mongodb, mode=SINGLE, requiredClusterType=UNKNOWN, requiredReplicaSetName='null', serverSelector='null', clusterListeners='[]', serverSelectionTimeout='30000 ms', localThreshold='15 ms'}, socketSettings=SocketSettings{connectTimeoutMS=10000, readTimeoutMS=0, receiveBufferSize=0, proxySettings=ProxySettings{host=null, port=null, username=null, password=null}}, heartbeatSocketSettings=SocketSettings{connectTimeoutMS=10000, readTimeoutMS=10000, receiveBufferSize=0, proxySettings=ProxySettings{host=null, port=null, username=null, password=null}}, connectionPoolSettings=ConnectionPoolSettings{maxSize=100, minSize=0, maxWaitTimeMS=120000, maxConnectionLifeTimeMS=0, maxConnectionIdleTimeMS=0, maintenanceInitialDelayMS=0, maintenanceFrequencyMS=60000, connectionPoolListeners=[io.micrometer.core.instrument.binder.mongodb.MongoMetricsConnectionPoolListener@20027c44], maxConnecting=2}, serverSettings=ServerSettings{heartbeatFrequencyMS=10000, minHeartbeatFrequencyMS=500, serverListeners='[]', serverMonitorListeners='[]'}, sslSettings=SslSettings{enabled=false, invalidHostNameAllowed=false, context=null}, applicationName='null', compressorList=[], uuidRepresentation=JAVA_LEGACY, serverApi=null, autoEncryptionSettings=null, dnsClient=null, inetAddressResolver=null, contextProvider=null}
2024-11-10T13:54:09.790+05:30  INFO 3004 --- [user-service] [cluster-ClusterId{value='67306da92a647463e8e9c0a6', description='null'}-localhost:27017] org.mongodb.driver.cluster               : Monitor thread successfully connected to server with description ServerDescription{address=localhost:27017, type=STANDALONE, state=CONNECTED, ok=true, minWireVersion=0, maxWireVersion=21, maxDocumentSize=16777216, logicalSessionTimeoutMinutes=30, roundTripTimeNanos=18555300}
2024-11-10T13:54:10.176+05:30  INFO 3004 --- [user-service] [main] eAuthenticationProviderManagerConfigurer : Global AuthenticationManager configured with AuthenticationProvider bean with name authenticationProvider
2024-11-10T13:54:10.177+05:30  WARN 3004 --- [user-service] [main] r$InitializeUserDetailsManagerConfigurer : Global AuthenticationManager configured with an AuthenticationProvider bean. UserDetailsService beans will not be used for username/password login. Consider removing the AuthenticationProvider bean. Alternatively, consider using the UserDetailsService in a manually instantiated DaoAuthenticationProvider.
2024-11-10T13:54:10.582+05:30  INFO 3004 --- [user-service] [main] o.s.b.a.e.web.EndpointLinksResolver      : Exposing 3 endpoints beneath base path '/actuator'
2024-11-10T13:54:10.622+05:30 DEBUG 3004 --- [user-service] [main] o.s.s.web.DefaultSecurityFilterChain     : Will secure any request with filters: DisableEncodeUrlFilter, WebAsyncManagerIntegrationFilter, SecurityContextHolderFilter, HeaderWriterFilter, LogoutFilter, JwtAuthenticationFilter, RequestCacheAwareFilter, SecurityContextHolderAwareRequestFilter, AnonymousAuthenticationFilter, SessionManagementFilter, ExceptionTranslationFilter, AuthorizationFilter
2024-11-10T13:54:10.856+05:30  INFO 3004 --- [user-service] [main] DiscoveryClientOptionalArgsConfiguration : Eureka HTTP Client uses RestTemplate.
2024-11-10T13:54:10.887+05:30  WARN 3004 --- [user-service] [main] iguration$LoadBalancerCaffeineWarnLogger : Spring Cloud LoadBalancer is currently working with the default cache. While this cache implementation is useful for development and tests, it's recommended to use Caffeine cache in production.You can switch to using Caffeine cache, by adding it and org.springframework.cache.caffeine.CaffeineCacheManager to the classpath.
2024-11-10T13:54:10.942+05:30  INFO 3004 --- [user-service] [main] o.s.c.n.eureka.InstanceInfoFactory       : Setting initial instance status as: STARTING
2024-11-10T13:54:10.962+05:30  INFO 3004 --- [user-service] [main] com.netflix.discovery.DiscoveryClient    : Initializing Eureka in region us-east-1
2024-11-10T13:54:10.966+05:30  INFO 3004 --- [user-service] [main] c.n.d.s.r.aws.ConfigClusterResolver      : Resolving eureka endpoints via configuration
2024-11-10T13:54:10.973+05:30  INFO 3004 --- [user-service] [main] com.netflix.discovery.DiscoveryClient    : Disable delta property : false
2024-11-10T13:54:10.974+05:30  INFO 3004 --- [user-service] [main] com.netflix.discovery.DiscoveryClient    : Single vip registry refresh property : null
2024-11-10T13:54:10.974+05:30  INFO 3004 --- [user-service] [main] com.netflix.discovery.DiscoveryClient    : Force full registry fetch : false
2024-11-10T13:54:10.974+05:30  INFO 3004 --- [user-service] [main] com.netflix.discovery.DiscoveryClient    : Application is null : false
2024-11-10T13:54:10.974+05:30  INFO 3004 --- [user-service] [main] com.netflix.discovery.DiscoveryClient    : Registered Applications size is zero : true
2024-11-10T13:54:10.974+05:30  INFO 3004 --- [user-service] [main] com.netflix.discovery.DiscoveryClient    : Application version is -1: true
2024-11-10T13:54:10.974+05:30  INFO 3004 --- [user-service] [main] com.netflix.discovery.DiscoveryClient    : Getting all instance registry info from the eureka server
2024-11-10T13:54:11.332+05:30  INFO 3004 --- [user-service] [main] com.netflix.discovery.DiscoveryClient    : The response status is 200
2024-11-10T13:54:11.333+05:30  INFO 3004 --- [user-service] [main] com.netflix.discovery.DiscoveryClient    : Starting heartbeat executor: renew interval is: 30
2024-11-10T13:54:11.335+05:30  INFO 3004 --- [user-service] [main] c.n.discovery.InstanceInfoReplicator     : InstanceInfoReplicator onDemand update allowed rate per min is 4
2024-11-10T13:54:11.336+05:30  INFO 3004 --- [user-service] [main] com.netflix.discovery.DiscoveryClient    : Discovery Client initialized at timestamp 1731227051336 with initial instances count: 1
2024-11-10T13:54:11.339+05:30  INFO 3004 --- [user-service] [main] o.s.c.n.e.s.EurekaServiceRegistry        : Registering application USER-SERVICE with eureka with status UP
2024-11-10T13:54:11.340+05:30  INFO 3004 --- [user-service] [main] com.netflix.discovery.DiscoveryClient    : Saw local status change event StatusChangeEvent [timestamp=1731227051340, current=UP, previous=STARTING]
2024-11-10T13:54:11.343+05:30  INFO 3004 --- [user-service] [DiscoveryClient-InstanceInfoReplicator-%d] com.netflix.discovery.DiscoveryClient    : DiscoveryClient_USER-SERVICE/host.docker.internal:user-service:8081: registering service...
2024-11-10T13:54:11.361+05:30  INFO 3004 --- [user-service] [main] o.s.b.w.embedded.tomcat.TomcatWebServer  : Tomcat started on port 8081 (http) with context path '/'
2024-11-10T13:54:11.362+05:30  INFO 3004 --- [user-service] [main] .s.c.n.e.s.EurekaAutoServiceRegistration : Updating port to 8081
2024-11-10T13:54:11.377+05:30  INFO 3004 --- [user-service] [main] c.a.user_service.UserServiceApplication  : Started UserServiceApplication in 3.93 seconds (process running for 4.545)
2024-11-10T13:54:11.379+05:30  INFO 3004 --- [user-service] [DiscoveryClient-InstanceInfoReplicator-%d] com.netflix.discovery.DiscoveryClient    : DiscoveryClient_USER-SERVICE/host.docker.internal:user-service:8081 - registration status: 204
2024-11-10T13:54:11.646+05:30  INFO 3004 --- [user-service] [RMI TCP Connection(2)-192.168.1.89] o.a.c.c.C.[Tomcat].[localhost].[/]       : Initializing Spring DispatcherServlet 'dispatcherServlet'
2024-11-10T13:54:11.646+05:30  INFO 3004 --- [user-service] [RMI TCP Connection(2)-192.168.1.89] o.s.web.servlet.DispatcherServlet        : Initializing Servlet 'dispatcherServlet'
2024-11-10T13:54:11.649+05:30  INFO 3004 --- [user-service] [RMI TCP Connection(2)-192.168.1.89] o.s.web.servlet.DispatcherServlet        : Completed initialization in 3 ms
2024-11-10T13:54:54.172+05:30 DEBUG 3004 --- [user-service] [http-nio-8081-exec-1] o.s.security.web.FilterChainProxy        : Securing POST /register
2024-11-10T13:54:54.183+05:30 DEBUG 3004 --- [user-service] [http-nio-8081-exec-1] o.s.s.w.a.AnonymousAuthenticationFilter  : Set SecurityContextHolder to anonymous SecurityContext
2024-11-10T13:54:54.186+05:30 DEBUG 3004 --- [user-service] [http-nio-8081-exec-1] o.s.security.web.FilterChainProxy        : Secured POST /register
2024-11-10T13:56:09.272+05:30  INFO 3004 --- [user-service] [SpringApplicationShutdownHook] o.s.c.n.e.s.EurekaServiceRegistry        : Unregistering application USER-SERVICE with eureka with status DOWN
2024-11-10T13:56:09.273+05:30  INFO 3004 --- [user-service] [SpringApplicationShutdownHook] com.netflix.discovery.DiscoveryClient    : Saw local status change event StatusChangeEvent [timestamp=1731227169273, current=DOWN, previous=UP]
2024-11-10T13:56:09.273+05:30  INFO 3004 --- [user-service] [DiscoveryClient-InstanceInfoReplicator-%d] com.netflix.discovery.DiscoveryClient    : DiscoveryClient_USER-SERVICE/host.docker.internal:user-service:8081: registering service...
2024-11-10T13:56:09.288+05:30  INFO 3004 --- [user-service] [DiscoveryClient-InstanceInfoReplicator-%d] com.netflix.discovery.DiscoveryClient    : DiscoveryClient_USER-SERVICE/host.docker.internal:user-service:8081 - registration status: 204
2024-11-10T13:56:09.290+05:30  INFO 3004 --- [user-service] [SpringApplicationShutdownHook] com.netflix.discovery.DiscoveryClient    : Shutting down DiscoveryClient ...
2024-11-10T13:56:12.303+05:30  INFO 3004 --- [user-service] [SpringApplicationShutdownHook] com.netflix.discovery.DiscoveryClient    : Unregistering ...
2024-11-10T13:56:12.303+05:30  WARN 3004 --- [user-service] [DiscoveryClient-%d] c.netflix.discovery.TimedSupervisorTask  : task supervisor shutting down, can't accept the task
2024-11-10T13:56:12.307+05:30  INFO 3004 --- [user-service] [SpringApplicationShutdownHook] com.netflix.discovery.DiscoveryClient    : DiscoveryClient_USER-SERVICE/host.docker.internal:user-service:8081 - deregister  status: 200
2024-11-10T13:56:12.307+05:30  INFO 3004 --- [user-service] [SpringApplicationShutdownHook] com.netflix.discovery.DiscoveryClient    : Completed shut down of DiscoveryClient
